2023-07-25 09:32:20,893 [pool-28-IoTDB-RPC-Client-1] ERROR o.a.i.d.u.ErrorHandlingUtils:83 - Status code: 401, Query Statement: "load '../". executeStatement failed 
org.antlr.v4.runtime.misc.ParseCancellationException: line 1:5 token recognition error at: ''../'
	at org.apache.iotdb.db.qp.strategy.SQLParseError.syntaxError(SQLParseError.java:38)
	at org.antlr.v4.runtime.ProxyErrorListener.syntaxError(ProxyErrorListener.java:41)
	at org.antlr.v4.runtime.Lexer.notifyListeners(Lexer.java:364)
	at org.antlr.v4.runtime.Lexer.nextToken(Lexer.java:144)
	at org.antlr.v4.runtime.BufferedTokenStream.fetch(BufferedTokenStream.java:169)
	at org.antlr.v4.runtime.BufferedTokenStream.sync(BufferedTokenStream.java:152)
	at org.antlr.v4.runtime.BufferedTokenStream.nextTokenOnChannel(BufferedTokenStream.java:325)
	at org.antlr.v4.runtime.CommonTokenStream.adjustSeekIndex(CommonTokenStream.java:70)
	at org.antlr.v4.runtime.BufferedTokenStream.consume(BufferedTokenStream.java:137)
	at org.antlr.v4.runtime.atn.ParserATNSimulator.execATN(ParserATNSimulator.java:537)
	at org.antlr.v4.runtime.atn.ParserATNSimulator.adaptivePredict(ParserATNSimulator.java:393)
	at org.apache.iotdb.db.qp.sql.IoTDBSqlParser.utilityStatement(IoTDBSqlParser.java:1280)
	at org.apache.iotdb.db.qp.sql.IoTDBSqlParser.statement(IoTDBSqlParser.java:400)
	at org.apache.iotdb.db.qp.sql.IoTDBSqlParser.singleStatement(IoTDBSqlParser.java:318)
	at org.apache.iotdb.db.qp.strategy.LogicalGenerator.generate(LogicalGenerator.java:99)
	at org.apache.iotdb.db.qp.Planner.parseSQLToPhysicalPlan(Planner.java:62)
	at org.apache.iotdb.db.service.thrift.impl.TSServiceImpl.executeStatement(TSServiceImpl.java:625)
	at org.apache.iotdb.service.rpc.thrift.TSIService$Processor$executeStatement.getResult(TSIService.java:3101)
	at org.apache.iotdb.service.rpc.thrift.TSIService$Processor$executeStatement.getResult(TSIService.java:3081)
	at org.apache.thrift.ProcessFunction.process(ProcessFunction.java:38)
	at org.apache.thrift.TBaseProcessor.process(TBaseProcessor.java:38)
	at org.apache.thrift.server.TThreadPoolServer$WorkerProcess.run(TThreadPoolServer.java:248)
	at java.util.concurrent.ThreadPoolExecutor.runWorker(ThreadPoolExecutor.java:1149)
	at java.util.concurrent.ThreadPoolExecutor$Worker.run(ThreadPoolExecutor.java:624)
	at java.lang.Thread.run(Thread.java:748)
